<?xml version="1.0" encoding="UTF-8"?>
<testng-results ignored="3" total="7" passed="4" failed="0" skipped="0">
  <reporter-output>
  </reporter-output>
  <suite started-at="2022-01-07T15:41:28 EST" name="All Test Suite" finished-at="2022-01-07T15:41:41 EST" duration-ms="12648">
    <groups>
      <group name="regression">
        <method signature="LoginTest.invalidLoginErrorMessageValidation(java.lang.String, java.lang.String, java.lang.String)[pri:0, instance:TestCases.LoginTest@fdefd3f]" name="invalidLoginErrorMessageValidation" class="TestCases.LoginTest"/>
      </group> <!-- regression -->
    </groups>
    <test started-at="2022-01-07T15:41:28 EST" name="regression" finished-at="2022-01-07T15:41:41 EST" duration-ms="12648">
      <class name="TestCases.LoginTest">
        <test-method is-config="true" signature="OpenBrowser()[pri:0, instance:TestCases.LoginTest@fdefd3f]" started-at="2022-01-07T15:41:28 EST" name="OpenBrowser" finished-at="2022-01-07T15:41:31 EST" duration-ms="3186" status="PASS">
          <reporter-output>
          </reporter-output>
        </test-method> <!-- OpenBrowser -->
        <test-method signature="invalidLoginErrorMessageValidation(java.lang.String, java.lang.String, java.lang.String)[pri:0, instance:TestCases.LoginTest@fdefd3f]" started-at="2022-01-07T15:41:31 EST" name="invalidLoginErrorMessageValidation" data-provider="invalidData" finished-at="2022-01-07T15:41:33 EST" duration-ms="1063" status="PASS">
          <params>
            <param index="0">
              <value>
                <![CDATA[Admin]]>
              </value>
            </param>
            <param index="1">
              <value>
                <![CDATA[123]]>
              </value>
            </param>
            <param index="2">
              <value>
                <![CDATA[Invalid credentials]]>
              </value>
            </param>
          </params>
          <reporter-output>
          </reporter-output>
        </test-method> <!-- invalidLoginErrorMessageValidation -->
        <test-method is-config="true" signature="teardown()[pri:0, instance:TestCases.LoginTest@fdefd3f]" started-at="2022-01-07T15:41:33 EST" name="teardown" finished-at="2022-01-07T15:41:33 EST" duration-ms="162" status="PASS">
          <reporter-output>
          </reporter-output>
        </test-method> <!-- teardown -->
        <test-method is-config="true" signature="OpenBrowser()[pri:0, instance:TestCases.LoginTest@fdefd3f]" started-at="2022-01-07T15:41:33 EST" name="OpenBrowser" finished-at="2022-01-07T15:41:35 EST" duration-ms="1833" status="PASS">
          <reporter-output>
          </reporter-output>
        </test-method> <!-- OpenBrowser -->
        <test-method signature="invalidLoginErrorMessageValidation(java.lang.String, java.lang.String, java.lang.String)[pri:0, instance:TestCases.LoginTest@fdefd3f]" started-at="2022-01-07T15:41:35 EST" name="invalidLoginErrorMessageValidation" data-provider="invalidData" finished-at="2022-01-07T15:41:35 EST" duration-ms="526" status="PASS">
          <params>
            <param index="0">
              <value>
                <![CDATA[Admin1]]>
              </value>
            </param>
            <param index="1">
              <value>
                <![CDATA[Syntax123!]]>
              </value>
            </param>
            <param index="2">
              <value>
                <![CDATA[Invalid credentials]]>
              </value>
            </param>
          </params>
          <reporter-output>
          </reporter-output>
        </test-method> <!-- invalidLoginErrorMessageValidation -->
        <test-method is-config="true" signature="teardown()[pri:0, instance:TestCases.LoginTest@fdefd3f]" started-at="2022-01-07T15:41:35 EST" name="teardown" finished-at="2022-01-07T15:41:36 EST" duration-ms="195" status="PASS">
          <reporter-output>
          </reporter-output>
        </test-method> <!-- teardown -->
        <test-method is-config="true" signature="OpenBrowser()[pri:0, instance:TestCases.LoginTest@fdefd3f]" started-at="2022-01-07T15:41:36 EST" name="OpenBrowser" finished-at="2022-01-07T15:41:38 EST" duration-ms="1850" status="PASS">
          <reporter-output>
          </reporter-output>
        </test-method> <!-- OpenBrowser -->
        <test-method signature="invalidLoginErrorMessageValidation(java.lang.String, java.lang.String, java.lang.String)[pri:0, instance:TestCases.LoginTest@fdefd3f]" started-at="2022-01-07T15:41:38 EST" name="invalidLoginErrorMessageValidation" data-provider="invalidData" finished-at="2022-01-07T15:41:38 EST" duration-ms="357" status="PASS">
          <params>
            <param index="0">
              <value>
                <![CDATA[Admin]]>
              </value>
            </param>
            <param index="1">
              <value>
                <![CDATA[]]>
              </value>
            </param>
            <param index="2">
              <value>
                <![CDATA[Password cannot be empty]]>
              </value>
            </param>
          </params>
          <reporter-output>
          </reporter-output>
        </test-method> <!-- invalidLoginErrorMessageValidation -->
        <test-method is-config="true" signature="teardown()[pri:0, instance:TestCases.LoginTest@fdefd3f]" started-at="2022-01-07T15:41:38 EST" name="teardown" finished-at="2022-01-07T15:41:38 EST" duration-ms="164" status="PASS">
          <reporter-output>
          </reporter-output>
        </test-method> <!-- teardown -->
        <test-method is-config="true" signature="OpenBrowser()[pri:0, instance:TestCases.LoginTest@fdefd3f]" started-at="2022-01-07T15:41:38 EST" name="OpenBrowser" finished-at="2022-01-07T15:41:40 EST" duration-ms="1803" status="PASS">
          <reporter-output>
          </reporter-output>
        </test-method> <!-- OpenBrowser -->
        <test-method signature="invalidLoginErrorMessageValidation(java.lang.String, java.lang.String, java.lang.String)[pri:0, instance:TestCases.LoginTest@fdefd3f]" started-at="2022-01-07T15:41:40 EST" name="invalidLoginErrorMessageValidation" data-provider="invalidData" finished-at="2022-01-07T15:41:40 EST" duration-ms="395" status="PASS">
          <params>
            <param index="0">
              <value>
                <![CDATA[]]>
              </value>
            </param>
            <param index="1">
              <value>
                <![CDATA[Syntax123!]]>
              </value>
            </param>
            <param index="2">
              <value>
                <![CDATA[Username cannot be empty]]>
              </value>
            </param>
          </params>
          <reporter-output>
          </reporter-output>
        </test-method> <!-- invalidLoginErrorMessageValidation -->
        <test-method is-config="true" signature="teardown()[pri:0, instance:TestCases.LoginTest@fdefd3f]" started-at="2022-01-07T15:41:41 EST" name="teardown" finished-at="2022-01-07T15:41:41 EST" duration-ms="224" status="PASS">
          <reporter-output>
          </reporter-output>
        </test-method> <!-- teardown -->
      </class> <!-- TestCases.LoginTest -->
    </test> <!-- regression -->
  </suite> <!-- All Test Suite -->
</testng-results>
