<?xml version="1.0" encoding="UTF-8"?>
<!-- Generated by org.testng.reporters.JUnitXMLReporter -->
<testsuite ignored="3" hostname="DESKTOP-4AP9L0I" failures="0" tests="4" name="regression" time="12.648" errors="0" timestamp="2022-01-07T15:41:41 EST">
  <testcase classname="TestCases.LoginTest" name="invalidLoginErrorMessageValidation" time="1.063"/>
  <testcase classname="TestCases.LoginTest" name="invalidLoginErrorMessageValidation" time="0.526"/>
  <testcase classname="TestCases.LoginTest" name="invalidLoginErrorMessageValidation" time="0.357"/>
  <testcase classname="TestCases.LoginTest" name="invalidLoginErrorMessageValidation" time="0.395"/>
  <testcase classname="TestCases.AddEmployeeTest" name="AddEmployee" time="0.0">
    <ignored/>
  </testcase> <!-- AddEmployee -->
  <testcase classname="TestCases.AddEmployeeTest" name="addMultipleEmployees" time="0.0">
    <ignored/>
  </testcase> <!-- addMultipleEmployees -->
  <testcase classname="TestCases.LoginTest" name="AdminLogin" time="0.0">
    <ignored/>
  </testcase> <!-- AdminLogin -->
</testsuite> <!-- regression -->
